Using pre-set license
Built from '2021.1/staging' branch; Version is '2021.1.24f1 (6667702a1e7c) revision 6711152'; Using compiler version '192528614'; Build Type 'Release'
OS: 'Windows 10 Pro; OS build 19042.1288; Version 2009; 64bit' Language: 'ko' Physical Memory: 16331 MB
BatchMode: 1, IsHumanControllingUs: 0, StartBugReporterOnCrash: 0, Is64bit: 1, IsPro: 0

COMMAND LINE ARGUMENTS:
C:\Program Files\Unity\Hub\Editor\2021.1.24f1\Editor\Unity.exe
-adb2
-batchMode
-noUpm
-name
AssetImportWorker0
-projectPath
C:/Users/kim/Desktop/unitystudy/Unity_animation_prac
-logFile
Logs/AssetImportWorker0.log
-srvPort
63555
Successfully changed project path to: C:/Users/kim/Desktop/unitystudy/Unity_animation_prac
C:/Users/kim/Desktop/unitystudy/Unity_animation_prac
Using Asset Import Pipeline V2.
Refreshing native plugins compatible for Editor in 34.33 ms, found 2 plugins.
Preloading 0 native plugins for Editor in 0.00 ms.
Initialize engine version: 2021.1.24f1 (6667702a1e7c)
[Subsystems] Discovering subsystems at path C:/Program Files/Unity/Hub/Editor/2021.1.24f1/Editor/Data/Resources/UnitySubsystems
[Subsystems] Discovering subsystems at path C:/Users/kim/Desktop/unitystudy/Unity_animation_prac/Assets
GfxDevice: creating device client; threaded=0; jobified=0
Direct3D:
    Version:  Direct3D 11.0 [level 11.1]
    Renderer: NVIDIA GeForce GTX 1070 (ID=0x1b81)
    Vendor:   NVIDIA
    VRAM:     8088 MB
    Driver:   27.21.14.6089
Initialize mono
Mono path[0] = 'C:/Program Files/Unity/Hub/Editor/2021.1.24f1/Editor/Data/Managed'
Mono path[1] = 'C:/Program Files/Unity/Hub/Editor/2021.1.24f1/Editor/Data/MonoBleedingEdge/lib/mono/unityjit'
Mono config path = 'C:/Program Files/Unity/Hub/Editor/2021.1.24f1/Editor/Data/MonoBleedingEdge/etc'
Using monoOptions --debugger-agent=transport=dt_socket,embedding=1,server=y,suspend=n,address=127.0.0.1:56772
Begin MonoManager ReloadAssembly
Registering precompiled unity dll's ...
Register platform support module: C:/Program Files/Unity/Hub/Editor/2021.1.24f1/Editor/Data/PlaybackEngines/WindowsStandaloneSupport/UnityEditor.WindowsStandalone.Extensions.dll
Registered in 0.004241 seconds.
Native extension for WindowsStandalone target not found
Refreshing native plugins compatible for Editor in 32.15 ms, found 2 plugins.
Preloading 0 native plugins for Editor in 0.00 ms.
Mono: successfully reloaded assembly
- Completed reload, in  1.771 seconds
Domain Reload Profiling:
	ReloadAssembly (1771ms)
		BeginReloadAssembly (107ms)
			ExecutionOrderSort (0ms)
			DisableScriptedObjects (0ms)
			BackupInstance (0ms)
			ReleaseScriptingObjects (0ms)
			CreateAndSetChildDomain (1ms)
		EndReloadAssembly (481ms)
			LoadAssemblies (103ms)
			RebuildTransferFunctionScriptingTraits (0ms)
			SetupTypeCache (194ms)
			ReleaseScriptCaches (0ms)
			RebuildScriptCaches (32ms)
			SetupLoadedEditorAssemblies (195ms)
				LogAssemblyErrors (0ms)
				InitializePlatformSupportModulesInManaged (7ms)
				SetLoadedEditorAssemblies (0ms)
				RefreshPlugins (32ms)
				BeforeProcessingInitializeOnLoad (2ms)
				ProcessInitializeOnLoadAttributes (115ms)
				ProcessInitializeOnLoadMethodAttributes (38ms)
				AfterProcessingInitializeOnLoad (0ms)
				EditorAssembliesLoaded (0ms)
			ExecutionOrderSort2 (0ms)
			AwakeInstancesAfterBackupRestoration (0ms)
Platform modules already initialized, skipping
Registering precompiled user dll's ...
Registered in 0.007029 seconds.
Begin MonoManager ReloadAssembly
Native extension for WindowsStandalone target not found
Refreshing native plugins compatible for Editor in 0.29 ms, found 2 plugins.
Preloading 0 native plugins for Editor in 0.00 ms.
Mono: successfully reloaded assembly
- Completed reload, in  1.502 seconds
Domain Reload Profiling:
	ReloadAssembly (1503ms)
		BeginReloadAssembly (251ms)
			ExecutionOrderSort (0ms)
			DisableScriptedObjects (6ms)
			BackupInstance (0ms)
			ReleaseScriptingObjects (0ms)
			CreateAndSetChildDomain (24ms)
		EndReloadAssembly (1156ms)
			LoadAssemblies (179ms)
			RebuildTransferFunctionScriptingTraits (0ms)
			SetupTypeCache (403ms)
			ReleaseScriptCaches (0ms)
			RebuildScriptCaches (60ms)
			SetupLoadedEditorAssemblies (415ms)
				LogAssemblyErrors (0ms)
				InitializePlatformSupportModulesInManaged (15ms)
				SetLoadedEditorAssemblies (1ms)
				RefreshPlugins (0ms)
				BeforeProcessingInitializeOnLoad (71ms)
				ProcessInitializeOnLoadAttributes (300ms)
				ProcessInitializeOnLoadMethodAttributes (8ms)
				AfterProcessingInitializeOnLoad (20ms)
				EditorAssembliesLoaded (0ms)
			ExecutionOrderSort2 (0ms)
			AwakeInstancesAfterBackupRestoration (9ms)
Platform modules already initialized, skipping
========================================================================
Worker process is ready to serve import requests
Launched and connected shader compiler UnityShaderCompiler.exe after 0.17 seconds
Refreshing native plugins compatible for Editor in 0.27 ms, found 2 plugins.
Preloading 0 native plugins for Editor in 0.00 ms.
Unloading 1412 Unused Serialized files (Serialized files now loaded: 0)
System memory in use before: 66.2 MB.
System memory in use after: 66.3 MB.

Unloading 16 unused Assets to reduce memory usage. Loaded Objects now: 1863.
Total: 3.364400 ms (FindLiveObjects: 0.141300 ms CreateObjectMapping: 0.059100 ms MarkObjects: 3.095200 ms  DeleteObjects: 0.067400 ms)

AssetImportParameters requested are different than current active one (requested -> active):
  custom:framework-win-MediaFoundation: 216162199b28c13a410421893ffa2e32 -> 
  custom:video-decoder-ogg-theora: a1e56fd34408186e4bbccfd4996cb3dc -> 
  custom:container-muxer-webm: aa71ff27fc2769a1b78a27578f13a17b -> 
  custom:container-demuxer-webm: 4f35f7cbe854078d1ac9338744f61a02 -> 
  custom:container-demuxer-ogg: 62fdf1f143b41e24485cea50d1cbac27 -> 
  custom:video-encoder-webm-vp8: eb34c28f22e8b96e1ab97ce403110664 -> 
  custom:video-decoder-webm-vp8: 9c59270c3fd7afecdb556c50c9e8de78 -> 
  custom:audio-decoder-ogg-vorbis: bf7c407c2cedff20999df2af8eb42d56 -> 
  custom:audio-encoder-webm-vorbis: bf7c407c2cedff20999df2af8eb42d56 -> 
========================================================================
Received Import Request.
  path: Assets/script/mover.cs
  artifactKey: Guid(78ea53d0a599faf49aee51d57b681d2e) Importer(815301076,1909f56bfc062723c751e8b465ee728b)
Start importing Assets/script/mover.cs using Guid(78ea53d0a599faf49aee51d57b681d2e) Importer(815301076,1909f56bfc062723c751e8b465ee728b)  -> (artifact id: '8154b41120c3fcd8f081309efbaa6444') in 0.132439 seconds 
========================================================================
Received Import Request.
  Time since last request: 0.000281 seconds.
  path: Assets/Materials/Moon.mat
  artifactKey: Guid(b11081e323f10334c9a0983b97057fe9) Importer(815301076,1909f56bfc062723c751e8b465ee728b)
Start importing Assets/Materials/Moon.mat using Guid(b11081e323f10334c9a0983b97057fe9) Importer(815301076,1909f56bfc062723c751e8b465ee728b)  -> (artifact id: '2ad8dfe1dac1f40e29f7357e1ff96fd6') in 0.252175 seconds 
========================================================================
Received Import Request.
  Time since last request: 0.000240 seconds.
  path: Assets/Prefabs/BoxMan@Run.prefab
  artifactKey: Guid(f2c292a2b3053274ebc4c7b84bb20872) Importer(815301076,1909f56bfc062723c751e8b465ee728b)
Start importing Assets/Prefabs/BoxMan@Run.prefab using Guid(f2c292a2b3053274ebc4c7b84bb20872) Importer(815301076,1909f56bfc062723c751e8b465ee728b)  -> (artifact id: '0546676ec3b0aa7564ddc82c17fe9e2c') in 0.093320 seconds 
========================================================================
Received Import Request.
  Time since last request: 0.000239 seconds.
  path: Assets/Prefabs/Earth & Moon.prefab
  artifactKey: Guid(15a1b4c364f617440b2ed06ce87f991a) Importer(815301076,1909f56bfc062723c751e8b465ee728b)
Start importing Assets/Prefabs/Earth & Moon.prefab using Guid(15a1b4c364f617440b2ed06ce87f991a) Importer(815301076,1909f56bfc062723c751e8b465ee728b)  -> (artifact id: 'abe17870d49b0f8ed004eff632c0a185') in 0.048372 seconds 
========================================================================
Received Import Request.
  Time since last request: 0.000338 seconds.
  path: Assets/Materials/Earth.mat
  artifactKey: Guid(76b8c3c58c3af6642a7d8e43d8ad1119) Importer(815301076,1909f56bfc062723c751e8b465ee728b)
Start importing Assets/Materials/Earth.mat using Guid(76b8c3c58c3af6642a7d8e43d8ad1119) Importer(815301076,1909f56bfc062723c751e8b465ee728b)  -> (artifact id: '758a9d8168e5868161d4b796d8c993fb') in 0.023481 seconds 
========================================================================
Received Import Request.
  Time since last request: 18.865972 seconds.
  path: Assets/Scenes
  artifactKey: Guid(9dee3a0460ececf409d927bcdd9d1437) Importer(815301076,1909f56bfc062723c751e8b465ee728b)
Start importing Assets/Scenes using Guid(9dee3a0460ececf409d927bcdd9d1437) Importer(815301076,1909f56bfc062723c751e8b465ee728b)  -> (artifact id: 'f24d179ed5a3e40e786229f39878ef9d') in 0.061229 seconds 
========================================================================
Received Import Request.
  Time since last request: 84.850328 seconds.
  path: Assets/script
  artifactKey: Guid(f082541c76c90884a99423e253a4aafa) Importer(815301076,1909f56bfc062723c751e8b465ee728b)
Start importing Assets/script using Guid(f082541c76c90884a99423e253a4aafa) Importer(815301076,1909f56bfc062723c751e8b465ee728b)  -> (artifact id: '3975f1629575dd9622bd7cb004ca0320') in 0.009682 seconds 
========================================================================
Received Import Request.
  Time since last request: 28.094815 seconds.
  path: Assets/script/NewSurfaceShader.shader
  artifactKey: Guid(6b6fb87f0d15b2c448afa8209ef543fb) Importer(815301076,1909f56bfc062723c751e8b465ee728b)
Start importing Assets/script/NewSurfaceShader.shader using Guid(6b6fb87f0d15b2c448afa8209ef543fb) Importer(815301076,1909f56bfc062723c751e8b465ee728b)  -> (artifact id: 'd39155a3d14c79eeba696001a4629e3b') in 0.020473 seconds 
AssetImportWorkerClient::OnTransportError - code=2 error=End of file
